<?xml version="1.0" encoding="UTF-8"?>
<testsuite name="D:/April2024/Automation_Projects/APIAutomationFramework/src/test/java/com/automationtestingrestassured/misc/DemoTest.java"
           tests="2"
           failures="0"
           errors="0"
           skipped="0"
           time="6.861">
    <properties></properties>



            <testcase
                name="testCreateBooking"
                time="5.447"
                classname="com.automationtestingrestassured.CRUD.TC_CreateBookingUsingYamlFile">
            </testcase>
            <testcase
                name="testCreateBookingNegative"
                time="1.414"
                classname="com.automationtestingrestassured.CRUD.TC_CreateBookingUsingYamlFile">
            </testcase>
</testsuite>
