<?xml version="1.0" encoding="UTF-8"?>
<testsuite name="APIAutomationFramework"
           tests="4"
           failures="0"
           errors="0"
           skipped="0"
           time="8.365">
    <properties></properties>



            <testcase
                name="test_getBooking"
                time="1.201"
                classname="com.automationtestingrestassured.CRUD.TC02_IntegrationUsingPropertyFile">
            </testcase>
            <testcase
                name="test_deleteBooking"
                time="1.164"
                classname="com.automationtestingrestassured.CRUD.TC02_IntegrationUsingPropertyFile">
            </testcase>
            <testcase
                name="test_updateBooking"
                time="1.255"
                classname="com.automationtestingrestassured.CRUD.TC02_IntegrationUsingPropertyFile">
            </testcase>
            <testcase
                name="test_createBooking"
                time="4.745"
                classname="com.automationtestingrestassured.CRUD.TC02_IntegrationUsingPropertyFile">
            </testcase>
</testsuite>
